/*C22*/SET SCHEMA PUBLIC
SET SCHEMA "PUBLIC"
drop table if exists receipt_types cascade 
drop table if exists reimbursements cascade 
drop table if exists user_costs cascade 
drop table if exists user_groups cascade 
drop table if exists user_groups_receipt_types cascade 
drop table if exists users cascade 
create table receipt_types (id integer generated by default as identity (start with 1), max_value float(53) not null, name varchar(255), primary key (id))
create table reimbursements (distance integer not null, end_date date, id integer generated by default as identity (start with 1), pushed_to_accept boolean not null, start_date date, user_id integer, name varchar(255), primary key (id))
create table user_costs (cost_value float(53) not null, id integer generated by default as identity (start with 1), receipt_type_id integer, reimbursement_id integer, name varchar(255), primary key (id))
create table user_groups (cost_per_km float(53) not null, daily_allowance float(53) not null, id integer generated by default as identity (start with 1), max_mileage float(53) not null, max_refund float(53) not null, name varchar(255), primary key (id))
create table user_groups_receipt_types (receipt_type_id integer not null, user_group_id integer not null, primary key (receipt_type_id, user_group_id))
create table users (id integer generated by default as identity (start with 1), user_group_id integer, name varchar(255), primary key (id))
alter table reimbursements add constraint FK7qdysg0ih8qre18p2wmjbuufc foreign key (user_id) references users
alter table user_costs add constraint FK1dloa8m3r2wcpo17yjacy2ls1 foreign key (receipt_type_id) references receipt_types
alter table user_costs add constraint FK8b4xytbhegah1tmqpsa48qafk foreign key (reimbursement_id) references reimbursements
alter table user_groups_receipt_types add constraint FKfvlobrh1etmxwij3ygtm5ly00 foreign key (receipt_type_id) references receipt_types
alter table user_groups_receipt_types add constraint FK9ocj3urytf3fhjn3p8f8jg0fg foreign key (user_group_id) references user_groups
alter table users add constraint FK5exbg1aqwx4y94fk3md3ji5sf foreign key (user_group_id) references user_groups
drop table if exists receipt_types cascade 
drop table if exists reimbursements cascade 
drop table if exists user_costs cascade 
drop table if exists user_groups cascade 
drop table if exists user_groups_receipt_types cascade 
drop table if exists users cascade 
DISCONNECT
/*C23*/SET SCHEMA PUBLIC
DISCONNECT
/*C24*/SET SCHEMA PUBLIC
DISCONNECT
/*C25*/SET SCHEMA PUBLIC
DISCONNECT
/*C26*/SET SCHEMA PUBLIC
DISCONNECT
/*C27*/SET SCHEMA PUBLIC
DISCONNECT
/*C28*/SET SCHEMA PUBLIC
DISCONNECT
/*C29*/SET SCHEMA PUBLIC
DISCONNECT
/*C30*/SET SCHEMA PUBLIC
DISCONNECT
/*C31*/SET SCHEMA PUBLIC
DISCONNECT
